Arguments: 
  C:\Program Files\nodejs\node.exe C:\Users\kik-80-2\AppData\Roaming\npm\node_modules\yarn\bin\yarn.js start

PATH: 
  C:\Windows\system32;C:\Windows;C:\Windows\System32\Wbem;C:\Windows\System32\WindowsPowerShell\v1.0\;C:\Program Files\nodejs\;C:\Windows\System32\OpenSSH\;C:\Program Files\Git\cmd;C:\Users\kik-80-2\AppData\Local\Microsoft\WindowsApps;C:\Users\kik-80-2\AppData\Roaming\npm;C:\Users\kik-80-2\AppData\Local\Programs\Microsoft VS Code\bin

Yarn version: 
  1.22.17

Node version: 
  14.16.0

Platform: 
  win32 x64

Trace: 
  SyntaxError: C:\Users\kik-80-2\Desktop\programing\menu\package.json: Unexpected string in JSON at position 120
      at JSON.parse (<anonymous>)
      at C:\Users\kik-80-2\AppData\Roaming\npm\node_modules\yarn\lib\cli.js:1625:59
      at Generator.next (<anonymous>)
      at step (C:\Users\kik-80-2\AppData\Roaming\npm\node_modules\yarn\lib\cli.js:310:30)
      at C:\Users\kik-80-2\AppData\Roaming\npm\node_modules\yarn\lib\cli.js:321:13

npm manifest: 
  {
    "name": "school",
    "version": "1.0.0",
    "main": "gulpfile.js",
    "scripts": {
      "start": "node gulpfile.js"
      "test": "echo \"Error: no test specified\" && exit 1"
    },
    "author": "",
    "license": "ISC",
    "devDependencies": {
      "browser-sync": "^2.27.4",
      "del": "^6.0.0",
      "fs": "0.0.1-security",
      "gulp": "^4.0.2",
      "gulp-autoprefixer": "^8.0.0",
      "gulp-cheerio": "^1.0.0",
      "gulp-clean-css": "^4.3.0",
      "gulp-consolidate": "^0.2.0",
      "gulp-file-include": "^2.3.0",
      "gulp-fonter": "^0.3.0",
      "gulp-group-css-media-queries": "^1.2.2",
      "gulp-iconfont": "^11.0.0",
      "gulp-iconfont-css": "^3.0.0",
      "gulp-imagemin": "^7.1.0",
      "gulp-minify-css": "^1.2.4",
      "gulp-plumber": "^1.2.1",
      "gulp-rename": "^2.0.0",
      "gulp-replace": "^1.1.3",
      "gulp-sass": "^5.0.0",
      "gulp-size": "^4.0.1",
      "gulp-spritesmash": "^1.1.1",
      "gulp-svg-sprite": "^1.5.0",
      "gulp-svg-sprites": "^4.1.2",
      "gulp-svgmin": "^4.0.1",
      "gulp-ttf2woff": "^1.1.1",
      "gulp-ttf2woff2": "^4.0.1",
      "gulp-uglify-es": "^2.0.0",
      "gulp-util": "^3.0.8",
      "gulp-webp": "^4.0.1",
      "gulp-webp-css": "^1.1.0",
      "gulp-webp-html": "^1.0.2",
      "gulp.spritesmith": "^6.12.1",
      "lodash": "^4.17.21",
      "swiper": "^6.8.1",
      "vinyl-buffer": "^1.0.1"
    },
    "dependencies": {
      "gulp-sourcemaps": "^3.0.0",
      "sass": "^1.35.2"
    },
    "description": ""
  }

yarn manifest: 
  No manifest

Lockfile: 
  No lockfile
